{"C:\\Users\\Olavi\\OneDrive\\Koodailut\\FullStack\\osa4\\testaus\\index.js": {"path":"C:\\Users\\Olavi\\OneDrive\\Koodailut\\FullStack\\osa4\\testaus\\index.js","statementMap":{"0":{"start":{"line":1,"column":16},"end":{"line":9,"column":1}},"1":{"start":{"line":2,"column":18},"end":{"line":4,"column":3}},"2":{"start":{"line":3,"column":4},"end":{"line":3,"column":29}},"3":{"start":{"line":6,"column":2},"end":{"line":8,"column":44}},"4":{"start":{"line":11,"column":0},"end":{"line":13,"column":1}}},"fnMap":{"0":{"name":"(anonymous_0)","decl":{"start":{"line":1,"column":16},"end":{"line":1,"column":17}},"loc":{"start":{"line":1,"column":27},"end":{"line":9,"column":1}},"line":1},"1":{"name":"(anonymous_1)","decl":{"start":{"line":2,"column":18},"end":{"line":2,"column":19}},"loc":{"start":{"line":2,"column":41},"end":{"line":4,"column":3}},"line":2}},"branchMap":{"0":{"loc":{"start":{"line":6,"column":9},"end":{"line":8,"column":43}},"type":"cond-expr","locations":[{"start":{"line":7,"column":4},"end":{"line":7,"column":5}},{"start":{"line":8,"column":4},"end":{"line":8,"column":43}}],"line":6}},"s":{"0":1,"1":4,"2":6,"3":4,"4":1},"f":{"0":4,"1":6},"b":{"0":[1,3]},"_coverageSchema":"43e27e138ebf9cfc5966b082cf9a028302ed4184","hash":"36e53d1613c65807a69d39c7d76c6d2a34aea1ea"}
}
